2015/02/14 12:05:20.020 [INFO ] org.springframework.beans.factory.xml.XmlBeanDefinitionReader 316 - Loading XML bean definitions from URL [file:/home/tan/github/MobileGetLL/GetLL/target/classes/spring-hibernate.xml]
2015/02/14 12:05:21.021 [INFO ] org.springframework.context.support.GenericApplicationContext 513 - Refreshing org.springframework.context.support.GenericApplicationContext@6a340101: startup date [Sat Feb 14 12:05:21 CST 2015]; root of context hierarchy
2015/02/14 12:05:26.026 [INFO ] org.springframework.orm.hibernate4.HibernateTransactionManager 339 - Using DataSource [com.mchange.v2.c3p0.ComboPooledDataSource@372c9557[ acquireIncrement -> 3, acquireRetryAttempts -> 30, acquireRetryDelay -> 1000, autoCommitOnClose -> false, automaticTestTable -> null, breakAfterAcquireFailure -> false, checkoutTimeout -> 0, connectionTesterClassName -> com.mchange.v2.c3p0.impl.DefaultConnectionTester, description -> null, driverClass -> com.mysql.jdbc.Driver, factoryClassLocation -> null, forceIgnoreUnresolvedTransactions -> false, identityToken -> 372c9557, idleConnectionTestPeriod -> 10, initialPoolSize -> 1, jdbcUrl -> jdbc:mysql://localhost:3306/GetLL?useUnicode=true&characterEncoding=utf8, loginTimeout -> 0, maxIdleTime -> 10, maxPoolSize -> 40, maxStatements -> 0, maxStatementsPerConnection -> 0, minPoolSize -> 1, numHelperThreads -> 3, preferredTestQuery -> null, properties -> {user=******, password=******}, propertyCycle -> 300, testConnectionOnCheckin -> false, testConnectionOnCheckout -> false, usesTraditionalReflectiveProxies -> false ]] of Hibernate SessionFactory for HibernateTransactionManager
2015/02/14 12:05:27.027 [INFO ] org.springframework.context.support.GenericApplicationContext 873 - Closing org.springframework.context.support.GenericApplicationContext@6a340101: startup date [Sat Feb 14 12:05:21 CST 2015]; root of context hierarchy
2015/02/14 12:08:24.024 [INFO ] org.springframework.beans.factory.xml.XmlBeanDefinitionReader 316 - Loading XML bean definitions from URL [file:/home/tan/github/MobileGetLL/GetLL/target/classes/spring-hibernate.xml]
2015/02/14 12:08:25.025 [INFO ] org.springframework.beans.factory.xml.XmlBeanDefinitionReader 316 - Loading XML bean definitions from URL [file:/home/tan/github/MobileGetLL/GetLL/target/classes/spring-redis.xml]
2015/02/14 12:08:25.025 [INFO ] org.springframework.context.support.GenericApplicationContext 513 - Refreshing org.springframework.context.support.GenericApplicationContext@5eb7ec5d: startup date [Sat Feb 14 12:08:25 CST 2015]; root of context hierarchy
2015/02/14 12:08:25.025 [INFO ] org.springframework.context.support.PropertySourcesPlaceholderConfigurer 172 - Loading properties file from class path resource [redis.properties]
2015/02/14 12:08:28.028 [INFO ] org.springframework.orm.hibernate4.HibernateTransactionManager 339 - Using DataSource [com.mchange.v2.c3p0.ComboPooledDataSource@5b32627[ acquireIncrement -> 3, acquireRetryAttempts -> 30, acquireRetryDelay -> 1000, autoCommitOnClose -> false, automaticTestTable -> null, breakAfterAcquireFailure -> false, checkoutTimeout -> 0, connectionTesterClassName -> com.mchange.v2.c3p0.impl.DefaultConnectionTester, description -> null, driverClass -> com.mysql.jdbc.Driver, factoryClassLocation -> null, forceIgnoreUnresolvedTransactions -> false, identityToken -> 5b32627, idleConnectionTestPeriod -> 10, initialPoolSize -> 1, jdbcUrl -> jdbc:mysql://localhost:3306/GetLL?useUnicode=true&characterEncoding=utf8, loginTimeout -> 0, maxIdleTime -> 10, maxPoolSize -> 40, maxStatements -> 0, maxStatementsPerConnection -> 0, minPoolSize -> 1, numHelperThreads -> 3, preferredTestQuery -> null, properties -> {user=******, password=******}, propertyCycle -> 300, testConnectionOnCheckin -> false, testConnectionOnCheckout -> false, usesTraditionalReflectiveProxies -> false ]] of Hibernate SessionFactory for HibernateTransactionManager
2015/02/14 12:08:28.028 [ERROR] org.springframework.test.context.TestContextManager 334 - Caught exception while allowing TestExecutionListener [org.springframework.test.context.support.DependencyInjectionTestExecutionListener@61b80d9b] to prepare test instance [null(net.xiayule.getll.test.TestTest)]
org.springframework.beans.factory.BeanCreationException: Error creating bean with name 'net.xiayule.getll.test.TestTest': Injection of autowired dependencies failed; nested exception is org.springframework.beans.factory.BeanCreationException: Could not autowire field: private org.springframework.data.redis.connection.jredis.JredisPool net.xiayule.getll.test.TestTest.jredisPool; nested exception is org.springframework.beans.factory.NoSuchBeanDefinitionException: No qualifying bean of type [org.springframework.data.redis.connection.jredis.JredisPool] found for dependency: expected at least 1 bean which qualifies as autowire candidate for this dependency. Dependency annotations: {@org.springframework.beans.factory.annotation.Autowired(required=true)}
	at org.springframework.beans.factory.annotation.AutowiredAnnotationBeanPostProcessor.postProcessPropertyValues(AutowiredAnnotationBeanPostProcessor.java:292)
	at org.springframework.beans.factory.support.AbstractAutowireCapableBeanFactory.populateBean(AbstractAutowireCapableBeanFactory.java:1185)
	at org.springframework.beans.factory.support.AbstractAutowireCapableBeanFactory.autowireBeanProperties(AbstractAutowireCapableBeanFactory.java:384)
	at org.springframework.test.context.support.DependencyInjectionTestExecutionListener.injectDependencies(DependencyInjectionTestExecutionListener.java:110)
	at org.springframework.test.context.support.DependencyInjectionTestExecutionListener.prepareTestInstance(DependencyInjectionTestExecutionListener.java:75)
	at org.springframework.test.context.TestContextManager.prepareTestInstance(TestContextManager.java:331)
	at org.springframework.test.context.junit4.SpringJUnit4ClassRunner.createTest(SpringJUnit4ClassRunner.java:213)
	at org.springframework.test.context.junit4.SpringJUnit4ClassRunner$1.runReflectiveCall(SpringJUnit4ClassRunner.java:290)
	at org.junit.internal.runners.model.ReflectiveCallable.run(ReflectiveCallable.java:15)
	at org.springframework.test.context.junit4.SpringJUnit4ClassRunner.methodBlock(SpringJUnit4ClassRunner.java:292)
	at org.springframework.test.context.junit4.SpringJUnit4ClassRunner.runChild(SpringJUnit4ClassRunner.java:233)
	at org.springframework.test.context.junit4.SpringJUnit4ClassRunner.runChild(SpringJUnit4ClassRunner.java:87)
	at org.junit.runners.ParentRunner$3.run(ParentRunner.java:193)
	at org.junit.runners.ParentRunner$1.schedule(ParentRunner.java:52)
	at org.junit.runners.ParentRunner.runChildren(ParentRunner.java:191)
	at org.junit.runners.ParentRunner.access$000(ParentRunner.java:42)
	at org.junit.runners.ParentRunner$2.evaluate(ParentRunner.java:184)
	at org.springframework.test.context.junit4.statements.RunBeforeTestClassCallbacks.evaluate(RunBeforeTestClassCallbacks.java:61)
	at org.springframework.test.context.junit4.statements.RunAfterTestClassCallbacks.evaluate(RunAfterTestClassCallbacks.java:71)
	at org.junit.runners.ParentRunner.run(ParentRunner.java:236)
	at org.springframework.test.context.junit4.SpringJUnit4ClassRunner.run(SpringJUnit4ClassRunner.java:176)
	at org.junit.runner.JUnitCore.run(JUnitCore.java:157)
	at com.intellij.junit4.JUnit4IdeaTestRunner.startRunnerWithArgs(JUnit4IdeaTestRunner.java:74)
	at com.intellij.rt.execution.junit.JUnitStarter.prepareStreamsAndStart(JUnitStarter.java:211)
	at com.intellij.rt.execution.junit.JUnitStarter.main(JUnitStarter.java:67)
	at sun.reflect.NativeMethodAccessorImpl.invoke0(Native Method)
	at sun.reflect.NativeMethodAccessorImpl.invoke(NativeMethodAccessorImpl.java:39)
	at sun.reflect.DelegatingMethodAccessorImpl.invoke(DelegatingMethodAccessorImpl.java:25)
	at java.lang.reflect.Method.invoke(Method.java:597)
	at com.intellij.rt.execution.application.AppMain.main(AppMain.java:134)
Caused by: org.springframework.beans.factory.BeanCreationException: Could not autowire field: private org.springframework.data.redis.connection.jredis.JredisPool net.xiayule.getll.test.TestTest.jredisPool; nested exception is org.springframework.beans.factory.NoSuchBeanDefinitionException: No qualifying bean of type [org.springframework.data.redis.connection.jredis.JredisPool] found for dependency: expected at least 1 bean which qualifies as autowire candidate for this dependency. Dependency annotations: {@org.springframework.beans.factory.annotation.Autowired(required=true)}
	at org.springframework.beans.factory.annotation.AutowiredAnnotationBeanPostProcessor$AutowiredFieldElement.inject(AutowiredAnnotationBeanPostProcessor.java:508)
	at org.springframework.beans.factory.annotation.InjectionMetadata.inject(InjectionMetadata.java:87)
	at org.springframework.beans.factory.annotation.AutowiredAnnotationBeanPostProcessor.postProcessPropertyValues(AutowiredAnnotationBeanPostProcessor.java:289)
	... 29 more
Caused by: org.springframework.beans.factory.NoSuchBeanDefinitionException: No qualifying bean of type [org.springframework.data.redis.connection.jredis.JredisPool] found for dependency: expected at least 1 bean which qualifies as autowire candidate for this dependency. Dependency annotations: {@org.springframework.beans.factory.annotation.Autowired(required=true)}
	at org.springframework.beans.factory.support.DefaultListableBeanFactory.raiseNoSuchBeanDefinitionException(DefaultListableBeanFactory.java:1103)
	at org.springframework.beans.factory.support.DefaultListableBeanFactory.doResolveDependency(DefaultListableBeanFactory.java:963)
	at org.springframework.beans.factory.support.DefaultListableBeanFactory.resolveDependency(DefaultListableBeanFactory.java:858)
	at org.springframework.beans.factory.annotation.AutowiredAnnotationBeanPostProcessor$AutowiredFieldElement.inject(AutowiredAnnotationBeanPostProcessor.java:480)
	... 31 more
2015/02/14 12:08:28.028 [INFO ] org.springframework.context.support.GenericApplicationContext 873 - Closing org.springframework.context.support.GenericApplicationContext@5eb7ec5d: startup date [Sat Feb 14 12:08:25 CST 2015]; root of context hierarchy
2015/02/14 12:09:41.041 [INFO ] org.springframework.beans.factory.xml.XmlBeanDefinitionReader 316 - Loading XML bean definitions from URL [file:/home/tan/github/MobileGetLL/GetLL/target/classes/spring-hibernate.xml]
2015/02/14 12:09:41.041 [INFO ] org.springframework.beans.factory.xml.XmlBeanDefinitionReader 316 - Loading XML bean definitions from URL [file:/home/tan/github/MobileGetLL/GetLL/target/classes/spring-redis.xml]
2015/02/14 12:09:41.041 [INFO ] org.springframework.context.support.GenericApplicationContext 513 - Refreshing org.springframework.context.support.GenericApplicationContext@37fd6bea: startup date [Sat Feb 14 12:09:41 CST 2015]; root of context hierarchy
2015/02/14 12:09:42.042 [INFO ] org.springframework.context.support.PropertySourcesPlaceholderConfigurer 172 - Loading properties file from class path resource [redis.properties]
2015/02/14 12:09:44.044 [INFO ] org.springframework.orm.hibernate4.HibernateTransactionManager 339 - Using DataSource [com.mchange.v2.c3p0.ComboPooledDataSource@5b32627[ acquireIncrement -> 3, acquireRetryAttempts -> 30, acquireRetryDelay -> 1000, autoCommitOnClose -> false, automaticTestTable -> null, breakAfterAcquireFailure -> false, checkoutTimeout -> 0, connectionTesterClassName -> com.mchange.v2.c3p0.impl.DefaultConnectionTester, description -> null, driverClass -> com.mysql.jdbc.Driver, factoryClassLocation -> null, forceIgnoreUnresolvedTransactions -> false, identityToken -> 5b32627, idleConnectionTestPeriod -> 10, initialPoolSize -> 1, jdbcUrl -> jdbc:mysql://localhost:3306/GetLL?useUnicode=true&characterEncoding=utf8, loginTimeout -> 0, maxIdleTime -> 10, maxPoolSize -> 40, maxStatements -> 0, maxStatementsPerConnection -> 0, minPoolSize -> 1, numHelperThreads -> 3, preferredTestQuery -> null, properties -> {user=******, password=******}, propertyCycle -> 300, testConnectionOnCheckin -> false, testConnectionOnCheckout -> false, usesTraditionalReflectiveProxies -> false ]] of Hibernate SessionFactory for HibernateTransactionManager
2015/02/14 12:09:44.044 [INFO ] org.springframework.context.support.GenericApplicationContext 873 - Closing org.springframework.context.support.GenericApplicationContext@37fd6bea: startup date [Sat Feb 14 12:09:41 CST 2015]; root of context hierarchy
2015/02/14 12:12:24.024 [INFO ] org.springframework.beans.factory.xml.XmlBeanDefinitionReader 316 - Loading XML bean definitions from URL [file:/home/tan/github/MobileGetLL/GetLL/target/classes/spring-hibernate.xml]
2015/02/14 12:12:25.025 [INFO ] org.springframework.beans.factory.xml.XmlBeanDefinitionReader 316 - Loading XML bean definitions from URL [file:/home/tan/github/MobileGetLL/GetLL/target/classes/spring-redis.xml]
2015/02/14 12:12:25.025 [INFO ] org.springframework.context.support.GenericApplicationContext 513 - Refreshing org.springframework.context.support.GenericApplicationContext@48e61a35: startup date [Sat Feb 14 12:12:25 CST 2015]; root of context hierarchy
2015/02/14 12:12:25.025 [INFO ] org.springframework.context.support.PropertySourcesPlaceholderConfigurer 172 - Loading properties file from class path resource [redis.properties]
2015/02/14 12:12:28.028 [INFO ] org.springframework.orm.hibernate4.HibernateTransactionManager 339 - Using DataSource [com.mchange.v2.c3p0.ComboPooledDataSource@774d921a[ acquireIncrement -> 3, acquireRetryAttempts -> 30, acquireRetryDelay -> 1000, autoCommitOnClose -> false, automaticTestTable -> null, breakAfterAcquireFailure -> false, checkoutTimeout -> 0, connectionTesterClassName -> com.mchange.v2.c3p0.impl.DefaultConnectionTester, description -> null, driverClass -> com.mysql.jdbc.Driver, factoryClassLocation -> null, forceIgnoreUnresolvedTransactions -> false, identityToken -> 774d921a, idleConnectionTestPeriod -> 10, initialPoolSize -> 1, jdbcUrl -> jdbc:mysql://localhost:3306/GetLL?useUnicode=true&characterEncoding=utf8, loginTimeout -> 0, maxIdleTime -> 10, maxPoolSize -> 40, maxStatements -> 0, maxStatementsPerConnection -> 0, minPoolSize -> 1, numHelperThreads -> 3, preferredTestQuery -> null, properties -> {user=******, password=******}, propertyCycle -> 300, testConnectionOnCheckin -> false, testConnectionOnCheckout -> false, usesTraditionalReflectiveProxies -> false ]] of Hibernate SessionFactory for HibernateTransactionManager
2015/02/14 12:12:29.029 [INFO ] org.springframework.context.support.GenericApplicationContext 873 - Closing org.springframework.context.support.GenericApplicationContext@48e61a35: startup date [Sat Feb 14 12:12:25 CST 2015]; root of context hierarchy
2015/02/14 12:25:42.042 [INFO ] org.springframework.beans.factory.xml.XmlBeanDefinitionReader 316 - Loading XML bean definitions from URL [file:/home/tan/github/MobileGetLL/GetLL/target/classes/spring-hibernate.xml]
2015/02/14 12:25:42.042 [INFO ] org.springframework.beans.factory.xml.XmlBeanDefinitionReader 316 - Loading XML bean definitions from URL [file:/home/tan/github/MobileGetLL/GetLL/target/classes/spring-redis.xml]
2015/02/14 12:25:42.042 [INFO ] org.springframework.beans.factory.xml.XmlBeanDefinitionReader 316 - Loading XML bean definitions from URL [file:src/main/webapp/WEB-INF/applicationContext.xml]
2015/02/14 12:25:42.042 [ERROR] org.springframework.test.context.TestContextManager 334 - Caught exception while allowing TestExecutionListener [org.springframework.test.context.support.DependencyInjectionTestExecutionListener@744d76b4] to prepare test instance [null(net.xiayule.getll.test.TestTest)]
java.lang.IllegalStateException: Failed to load ApplicationContext
	at org.springframework.test.context.CacheAwareContextLoaderDelegate.loadContext(CacheAwareContextLoaderDelegate.java:99)
	at org.springframework.test.context.DefaultTestContext.getApplicationContext(DefaultTestContext.java:101)
	at org.springframework.test.context.support.DependencyInjectionTestExecutionListener.injectDependencies(DependencyInjectionTestExecutionListener.java:109)
	at org.springframework.test.context.support.DependencyInjectionTestExecutionListener.prepareTestInstance(DependencyInjectionTestExecutionListener.java:75)
	at org.springframework.test.context.TestContextManager.prepareTestInstance(TestContextManager.java:331)
	at org.springframework.test.context.junit4.SpringJUnit4ClassRunner.createTest(SpringJUnit4ClassRunner.java:213)
	at org.springframework.test.context.junit4.SpringJUnit4ClassRunner$1.runReflectiveCall(SpringJUnit4ClassRunner.java:290)
	at org.junit.internal.runners.model.ReflectiveCallable.run(ReflectiveCallable.java:15)
	at org.springframework.test.context.junit4.SpringJUnit4ClassRunner.methodBlock(SpringJUnit4ClassRunner.java:292)
	at org.springframework.test.context.junit4.SpringJUnit4ClassRunner.runChild(SpringJUnit4ClassRunner.java:233)
	at org.springframework.test.context.junit4.SpringJUnit4ClassRunner.runChild(SpringJUnit4ClassRunner.java:87)
	at org.junit.runners.ParentRunner$3.run(ParentRunner.java:193)
	at org.junit.runners.ParentRunner$1.schedule(ParentRunner.java:52)
	at org.junit.runners.ParentRunner.runChildren(ParentRunner.java:191)
	at org.junit.runners.ParentRunner.access$000(ParentRunner.java:42)
	at org.junit.runners.ParentRunner$2.evaluate(ParentRunner.java:184)
	at org.springframework.test.context.junit4.statements.RunBeforeTestClassCallbacks.evaluate(RunBeforeTestClassCallbacks.java:61)
	at org.springframework.test.context.junit4.statements.RunAfterTestClassCallbacks.evaluate(RunAfterTestClassCallbacks.java:71)
	at org.junit.runners.ParentRunner.run(ParentRunner.java:236)
	at org.springframework.test.context.junit4.SpringJUnit4ClassRunner.run(SpringJUnit4ClassRunner.java:176)
	at org.junit.runner.JUnitCore.run(JUnitCore.java:157)
	at com.intellij.junit4.JUnit4IdeaTestRunner.startRunnerWithArgs(JUnit4IdeaTestRunner.java:74)
	at com.intellij.rt.execution.junit.JUnitStarter.prepareStreamsAndStart(JUnitStarter.java:211)
	at com.intellij.rt.execution.junit.JUnitStarter.main(JUnitStarter.java:67)
	at sun.reflect.NativeMethodAccessorImpl.invoke0(Native Method)
	at sun.reflect.NativeMethodAccessorImpl.invoke(NativeMethodAccessorImpl.java:39)
	at sun.reflect.DelegatingMethodAccessorImpl.invoke(DelegatingMethodAccessorImpl.java:25)
	at java.lang.reflect.Method.invoke(Method.java:597)
	at com.intellij.rt.execution.application.AppMain.main(AppMain.java:134)
Caused by: org.springframework.beans.factory.BeanDefinitionStoreException: IOException parsing XML document from URL [file:src/main/webapp/WEB-INF/applicationContext.xml]; nested exception is java.io.FileNotFoundException: src/main/webapp/WEB-INF/applicationContext.xml (No such file or directory)
	at org.springframework.beans.factory.xml.XmlBeanDefinitionReader.loadBeanDefinitions(XmlBeanDefinitionReader.java:343)
	at org.springframework.beans.factory.xml.XmlBeanDefinitionReader.loadBeanDefinitions(XmlBeanDefinitionReader.java:303)
	at org.springframework.beans.factory.support.AbstractBeanDefinitionReader.loadBeanDefinitions(AbstractBeanDefinitionReader.java:180)
	at org.springframework.beans.factory.support.AbstractBeanDefinitionReader.loadBeanDefinitions(AbstractBeanDefinitionReader.java:216)
	at org.springframework.beans.factory.support.AbstractBeanDefinitionReader.loadBeanDefinitions(AbstractBeanDefinitionReader.java:187)
	at org.springframework.beans.factory.support.AbstractBeanDefinitionReader.loadBeanDefinitions(AbstractBeanDefinitionReader.java:251)
	at org.springframework.test.context.support.AbstractGenericContextLoader.loadBeanDefinitions(AbstractGenericContextLoader.java:253)
	at org.springframework.test.context.support.AbstractGenericContextLoader.loadContext(AbstractGenericContextLoader.java:122)
	at org.springframework.test.context.support.AbstractGenericContextLoader.loadContext(AbstractGenericContextLoader.java:60)
	at org.springframework.test.context.support.AbstractDelegatingSmartContextLoader.delegateLoading(AbstractDelegatingSmartContextLoader.java:100)
	at org.springframework.test.context.support.AbstractDelegatingSmartContextLoader.loadContext(AbstractDelegatingSmartContextLoader.java:250)
	at org.springframework.test.context.CacheAwareContextLoaderDelegate.loadContextInternal(CacheAwareContextLoaderDelegate.java:64)
	at org.springframework.test.context.CacheAwareContextLoaderDelegate.loadContext(CacheAwareContextLoaderDelegate.java:91)
	... 28 more
Caused by: java.io.FileNotFoundException: src/main/webapp/WEB-INF/applicationContext.xml (No such file or directory)
	at java.io.FileInputStream.open(Native Method)
	at java.io.FileInputStream.<init>(FileInputStream.java:120)
	at java.io.FileInputStream.<init>(FileInputStream.java:79)
	at sun.net.www.protocol.file.FileURLConnection.connect(FileURLConnection.java:70)
	at sun.net.www.protocol.file.FileURLConnection.getInputStream(FileURLConnection.java:161)
	at org.springframework.core.io.UrlResource.getInputStream(UrlResource.java:168)
	at org.springframework.beans.factory.xml.XmlBeanDefinitionReader.loadBeanDefinitions(XmlBeanDefinitionReader.java:329)
	... 40 more
2015/02/14 12:27:11.011 [INFO ] org.springframework.beans.factory.xml.XmlBeanDefinitionReader 316 - Loading XML bean definitions from URL [file:/home/tan/github/MobileGetLL/GetLL/target/classes/spring-hibernate.xml]
2015/02/14 12:27:12.012 [INFO ] org.springframework.beans.factory.xml.XmlBeanDefinitionReader 316 - Loading XML bean definitions from URL [file:/home/tan/github/MobileGetLL/GetLL/target/classes/spring-redis.xml]
2015/02/14 12:27:12.012 [INFO ] org.springframework.beans.factory.xml.XmlBeanDefinitionReader 316 - Loading XML bean definitions from URL [file:GetLL/src/main/webapp/WEB-INF/applicationContext.xml]
2015/02/14 12:27:13.013 [INFO ] org.springframework.context.support.GenericApplicationContext 513 - Refreshing org.springframework.context.support.GenericApplicationContext@4737371: startup date [Sat Feb 14 12:27:13 CST 2015]; root of context hierarchy
2015/02/14 12:27:13.013 [INFO ] org.springframework.context.support.PropertySourcesPlaceholderConfigurer 172 - Loading properties file from class path resource [redis.properties]
2015/02/14 12:27:16.016 [INFO ] org.springframework.orm.hibernate4.HibernateTransactionManager 339 - Using DataSource [com.mchange.v2.c3p0.ComboPooledDataSource@26c1186f[ acquireIncrement -> 3, acquireRetryAttempts -> 30, acquireRetryDelay -> 1000, autoCommitOnClose -> false, automaticTestTable -> null, breakAfterAcquireFailure -> false, checkoutTimeout -> 0, connectionTesterClassName -> com.mchange.v2.c3p0.impl.DefaultConnectionTester, description -> null, driverClass -> com.mysql.jdbc.Driver, factoryClassLocation -> null, forceIgnoreUnresolvedTransactions -> false, identityToken -> 26c1186f, idleConnectionTestPeriod -> 10, initialPoolSize -> 1, jdbcUrl -> jdbc:mysql://localhost:3306/GetLL?useUnicode=true&characterEncoding=utf8, loginTimeout -> 0, maxIdleTime -> 10, maxPoolSize -> 40, maxStatements -> 0, maxStatementsPerConnection -> 0, minPoolSize -> 1, numHelperThreads -> 3, preferredTestQuery -> null, properties -> {user=******, password=******}, propertyCycle -> 300, testConnectionOnCheckin -> false, testConnectionOnCheckout -> false, usesTraditionalReflectiveProxies -> false ]] of Hibernate SessionFactory for HibernateTransactionManager
2015/02/14 12:27:16.016 [ERROR] org.springframework.test.context.TestContextManager 334 - Caught exception while allowing TestExecutionListener [org.springframework.test.context.support.DependencyInjectionTestExecutionListener@6aa218a5] to prepare test instance [null(net.xiayule.getll.test.TestTest)]
java.lang.IllegalStateException: Failed to load ApplicationContext
	at org.springframework.test.context.CacheAwareContextLoaderDelegate.loadContext(CacheAwareContextLoaderDelegate.java:99)
	at org.springframework.test.context.DefaultTestContext.getApplicationContext(DefaultTestContext.java:101)
	at org.springframework.test.context.support.DependencyInjectionTestExecutionListener.injectDependencies(DependencyInjectionTestExecutionListener.java:109)
	at org.springframework.test.context.support.DependencyInjectionTestExecutionListener.prepareTestInstance(DependencyInjectionTestExecutionListener.java:75)
	at org.springframework.test.context.TestContextManager.prepareTestInstance(TestContextManager.java:331)
	at org.springframework.test.context.junit4.SpringJUnit4ClassRunner.createTest(SpringJUnit4ClassRunner.java:213)
	at org.springframework.test.context.junit4.SpringJUnit4ClassRunner$1.runReflectiveCall(SpringJUnit4ClassRunner.java:290)
	at org.junit.internal.runners.model.ReflectiveCallable.run(ReflectiveCallable.java:15)
	at org.springframework.test.context.junit4.SpringJUnit4ClassRunner.methodBlock(SpringJUnit4ClassRunner.java:292)
	at org.springframework.test.context.junit4.SpringJUnit4ClassRunner.runChild(SpringJUnit4ClassRunner.java:233)
	at org.springframework.test.context.junit4.SpringJUnit4ClassRunner.runChild(SpringJUnit4ClassRunner.java:87)
	at org.junit.runners.ParentRunner$3.run(ParentRunner.java:193)
	at org.junit.runners.ParentRunner$1.schedule(ParentRunner.java:52)
	at org.junit.runners.ParentRunner.runChildren(ParentRunner.java:191)
	at org.junit.runners.ParentRunner.access$000(ParentRunner.java:42)
	at org.junit.runners.ParentRunner$2.evaluate(ParentRunner.java:184)
	at org.springframework.test.context.junit4.statements.RunBeforeTestClassCallbacks.evaluate(RunBeforeTestClassCallbacks.java:61)
	at org.springframework.test.context.junit4.statements.RunAfterTestClassCallbacks.evaluate(RunAfterTestClassCallbacks.java:71)
	at org.junit.runners.ParentRunner.run(ParentRunner.java:236)
	at org.springframework.test.context.junit4.SpringJUnit4ClassRunner.run(SpringJUnit4ClassRunner.java:176)
	at org.junit.runner.JUnitCore.run(JUnitCore.java:157)
	at com.intellij.junit4.JUnit4IdeaTestRunner.startRunnerWithArgs(JUnit4IdeaTestRunner.java:74)
	at com.intellij.rt.execution.junit.JUnitStarter.prepareStreamsAndStart(JUnitStarter.java:211)
	at com.intellij.rt.execution.junit.JUnitStarter.main(JUnitStarter.java:67)
	at sun.reflect.NativeMethodAccessorImpl.invoke0(Native Method)
	at sun.reflect.NativeMethodAccessorImpl.invoke(NativeMethodAccessorImpl.java:39)
	at sun.reflect.DelegatingMethodAccessorImpl.invoke(DelegatingMethodAccessorImpl.java:25)
	at java.lang.reflect.Method.invoke(Method.java:597)
	at com.intellij.rt.execution.application.AppMain.main(AppMain.java:134)
Caused by: org.springframework.beans.factory.BeanCreationException: Error creating bean with name 'emailServiceImpl': Injection of autowired dependencies failed; nested exception is org.springframework.beans.factory.BeanCreationException: Could not autowire field: private org.springframework.mail.MailSender com.xiayule.getll.service.impl.EmailServiceImpl.mailSender; nested exception is org.springframework.beans.factory.NoSuchBeanDefinitionException: No qualifying bean of type [org.springframework.mail.MailSender] found for dependency: expected at least 1 bean which qualifies as autowire candidate for this dependency. Dependency annotations: {@org.springframework.beans.factory.annotation.Autowired(required=true)}
	at org.springframework.beans.factory.annotation.AutowiredAnnotationBeanPostProcessor.postProcessPropertyValues(AutowiredAnnotationBeanPostProcessor.java:292)
	at org.springframework.beans.factory.support.AbstractAutowireCapableBeanFactory.populateBean(AbstractAutowireCapableBeanFactory.java:1185)
	at org.springframework.beans.factory.support.AbstractAutowireCapableBeanFactory.doCreateBean(AbstractAutowireCapableBeanFactory.java:537)
	at org.springframework.beans.factory.support.AbstractAutowireCapableBeanFactory.createBean(AbstractAutowireCapableBeanFactory.java:475)
	at org.springframework.beans.factory.support.AbstractBeanFactory$1.getObject(AbstractBeanFactory.java:304)
	at org.springframework.beans.factory.support.DefaultSingletonBeanRegistry.getSingleton(DefaultSingletonBeanRegistry.java:228)
	at org.springframework.beans.factory.support.AbstractBeanFactory.doGetBean(AbstractBeanFactory.java:300)
	at org.springframework.beans.factory.support.AbstractBeanFactory.getBean(AbstractBeanFactory.java:195)
	at org.springframework.beans.factory.support.DefaultListableBeanFactory.preInstantiateSingletons(DefaultListableBeanFactory.java:703)
	at org.springframework.context.support.AbstractApplicationContext.finishBeanFactoryInitialization(AbstractApplicationContext.java:760)
	at org.springframework.context.support.AbstractApplicationContext.refresh(AbstractApplicationContext.java:482)
	at org.springframework.test.context.support.AbstractGenericContextLoader.loadContext(AbstractGenericContextLoader.java:125)
	at org.springframework.test.context.support.AbstractGenericContextLoader.loadContext(AbstractGenericContextLoader.java:60)
	at org.springframework.test.context.support.AbstractDelegatingSmartContextLoader.delegateLoading(AbstractDelegatingSmartContextLoader.java:100)
	at org.springframework.test.context.support.AbstractDelegatingSmartContextLoader.loadContext(AbstractDelegatingSmartContextLoader.java:250)
	at org.springframework.test.context.CacheAwareContextLoaderDelegate.loadContextInternal(CacheAwareContextLoaderDelegate.java:64)
	at org.springframework.test.context.CacheAwareContextLoaderDelegate.loadContext(CacheAwareContextLoaderDelegate.java:91)
	... 28 more
Caused by: org.springframework.beans.factory.BeanCreationException: Could not autowire field: private org.springframework.mail.MailSender com.xiayule.getll.service.impl.EmailServiceImpl.mailSender; nested exception is org.springframework.beans.factory.NoSuchBeanDefinitionException: No qualifying bean of type [org.springframework.mail.MailSender] found for dependency: expected at least 1 bean which qualifies as autowire candidate for this dependency. Dependency annotations: {@org.springframework.beans.factory.annotation.Autowired(required=true)}
	at org.springframework.beans.factory.annotation.AutowiredAnnotationBeanPostProcessor$AutowiredFieldElement.inject(AutowiredAnnotationBeanPostProcessor.java:508)
	at org.springframework.beans.factory.annotation.InjectionMetadata.inject(InjectionMetadata.java:87)
	at org.springframework.beans.factory.annotation.AutowiredAnnotationBeanPostProcessor.postProcessPropertyValues(AutowiredAnnotationBeanPostProcessor.java:289)
	... 44 more
Caused by: org.springframework.beans.factory.NoSuchBeanDefinitionException: No qualifying bean of type [org.springframework.mail.MailSender] found for dependency: expected at least 1 bean which qualifies as autowire candidate for this dependency. Dependency annotations: {@org.springframework.beans.factory.annotation.Autowired(required=true)}
	at org.springframework.beans.factory.support.DefaultListableBeanFactory.raiseNoSuchBeanDefinitionException(DefaultListableBeanFactory.java:1103)
	at org.springframework.beans.factory.support.DefaultListableBeanFactory.doResolveDependency(DefaultListableBeanFactory.java:963)
	at org.springframework.beans.factory.support.DefaultListableBeanFactory.resolveDependency(DefaultListableBeanFactory.java:858)
	at org.springframework.beans.factory.annotation.AutowiredAnnotationBeanPostProcessor$AutowiredFieldElement.inject(AutowiredAnnotationBeanPostProcessor.java:480)
	... 46 more
2015/02/14 12:28:18.018 [INFO ] org.springframework.beans.factory.xml.XmlBeanDefinitionReader 316 - Loading XML bean definitions from URL [file:/home/tan/github/MobileGetLL/GetLL/target/classes/spring-hibernate.xml]
2015/02/14 12:28:18.018 [INFO ] org.springframework.beans.factory.xml.XmlBeanDefinitionReader 316 - Loading XML bean definitions from URL [file:/home/tan/github/MobileGetLL/GetLL/target/classes/spring-redis.xml]
2015/02/14 12:28:19.019 [INFO ] org.springframework.context.support.GenericApplicationContext 513 - Refreshing org.springframework.context.support.GenericApplicationContext@7ac2b2f6: startup date [Sat Feb 14 12:28:19 CST 2015]; root of context hierarchy
2015/02/14 12:28:19.019 [INFO ] org.springframework.context.support.PropertySourcesPlaceholderConfigurer 172 - Loading properties file from class path resource [redis.properties]
2015/02/14 12:28:21.021 [INFO ] org.springframework.orm.hibernate4.HibernateTransactionManager 339 - Using DataSource [com.mchange.v2.c3p0.ComboPooledDataSource@5759780d[ acquireIncrement -> 3, acquireRetryAttempts -> 30, acquireRetryDelay -> 1000, autoCommitOnClose -> false, automaticTestTable -> null, breakAfterAcquireFailure -> false, checkoutTimeout -> 0, connectionTesterClassName -> com.mchange.v2.c3p0.impl.DefaultConnectionTester, description -> null, driverClass -> com.mysql.jdbc.Driver, factoryClassLocation -> null, forceIgnoreUnresolvedTransactions -> false, identityToken -> 5759780d, idleConnectionTestPeriod -> 10, initialPoolSize -> 1, jdbcUrl -> jdbc:mysql://localhost:3306/GetLL?useUnicode=true&characterEncoding=utf8, loginTimeout -> 0, maxIdleTime -> 10, maxPoolSize -> 40, maxStatements -> 0, maxStatementsPerConnection -> 0, minPoolSize -> 1, numHelperThreads -> 3, preferredTestQuery -> null, properties -> {user=******, password=******}, propertyCycle -> 300, testConnectionOnCheckin -> false, testConnectionOnCheckout -> false, usesTraditionalReflectiveProxies -> false ]] of Hibernate SessionFactory for HibernateTransactionManager
2015/02/14 12:28:22.022 [INFO ] org.springframework.context.support.GenericApplicationContext 873 - Closing org.springframework.context.support.GenericApplicationContext@7ac2b2f6: startup date [Sat Feb 14 12:28:19 CST 2015]; root of context hierarchy
2015/02/14 12:28:37.037 [INFO ] org.springframework.beans.factory.xml.XmlBeanDefinitionReader 316 - Loading XML bean definitions from URL [file:/home/tan/github/MobileGetLL/GetLL/target/classes/spring-hibernate.xml]
2015/02/14 12:28:38.038 [INFO ] org.springframework.beans.factory.xml.XmlBeanDefinitionReader 316 - Loading XML bean definitions from URL [file:/home/tan/github/MobileGetLL/GetLL/target/classes/spring-redis.xml]
2015/02/14 12:28:38.038 [INFO ] org.springframework.context.support.GenericApplicationContext 513 - Refreshing org.springframework.context.support.GenericApplicationContext@48e61a35: startup date [Sat Feb 14 12:28:38 CST 2015]; root of context hierarchy
2015/02/14 12:28:38.038 [INFO ] org.springframework.context.support.PropertySourcesPlaceholderConfigurer 172 - Loading properties file from class path resource [redis.properties]
2015/02/14 12:28:40.040 [INFO ] org.springframework.orm.hibernate4.HibernateTransactionManager 339 - Using DataSource [com.mchange.v2.c3p0.ComboPooledDataSource@774d921a[ acquireIncrement -> 3, acquireRetryAttempts -> 30, acquireRetryDelay -> 1000, autoCommitOnClose -> false, automaticTestTable -> null, breakAfterAcquireFailure -> false, checkoutTimeout -> 0, connectionTesterClassName -> com.mchange.v2.c3p0.impl.DefaultConnectionTester, description -> null, driverClass -> com.mysql.jdbc.Driver, factoryClassLocation -> null, forceIgnoreUnresolvedTransactions -> false, identityToken -> 774d921a, idleConnectionTestPeriod -> 10, initialPoolSize -> 1, jdbcUrl -> jdbc:mysql://localhost:3306/GetLL?useUnicode=true&characterEncoding=utf8, loginTimeout -> 0, maxIdleTime -> 10, maxPoolSize -> 40, maxStatements -> 0, maxStatementsPerConnection -> 0, minPoolSize -> 1, numHelperThreads -> 3, preferredTestQuery -> null, properties -> {user=******, password=******}, propertyCycle -> 300, testConnectionOnCheckin -> false, testConnectionOnCheckout -> false, usesTraditionalReflectiveProxies -> false ]] of Hibernate SessionFactory for HibernateTransactionManager
2015/02/14 12:28:41.041 [INFO ] org.springframework.context.support.GenericApplicationContext 873 - Closing org.springframework.context.support.GenericApplicationContext@48e61a35: startup date [Sat Feb 14 12:28:38 CST 2015]; root of context hierarchy
2015/02/14 12:30:27.027 [INFO ] org.springframework.beans.factory.xml.XmlBeanDefinitionReader 316 - Loading XML bean definitions from URL [file:/home/tan/github/MobileGetLL/GetLL/target/classes/spring-hibernate.xml]
2015/02/14 12:30:27.027 [INFO ] org.springframework.beans.factory.xml.XmlBeanDefinitionReader 316 - Loading XML bean definitions from URL [file:/home/tan/github/MobileGetLL/GetLL/target/classes/spring-redis.xml]
2015/02/14 12:30:27.027 [INFO ] org.springframework.context.support.GenericApplicationContext 513 - Refreshing org.springframework.context.support.GenericApplicationContext@7ac2b2f6: startup date [Sat Feb 14 12:30:27 CST 2015]; root of context hierarchy
2015/02/14 12:30:27.027 [INFO ] org.springframework.context.support.PropertySourcesPlaceholderConfigurer 172 - Loading properties file from class path resource [redis.properties]
2015/02/14 12:30:30.030 [INFO ] org.springframework.orm.hibernate4.HibernateTransactionManager 339 - Using DataSource [com.mchange.v2.c3p0.ComboPooledDataSource@5b32627[ acquireIncrement -> 3, acquireRetryAttempts -> 30, acquireRetryDelay -> 1000, autoCommitOnClose -> false, automaticTestTable -> null, breakAfterAcquireFailure -> false, checkoutTimeout -> 0, connectionTesterClassName -> com.mchange.v2.c3p0.impl.DefaultConnectionTester, description -> null, driverClass -> com.mysql.jdbc.Driver, factoryClassLocation -> null, forceIgnoreUnresolvedTransactions -> false, identityToken -> 5b32627, idleConnectionTestPeriod -> 10, initialPoolSize -> 1, jdbcUrl -> jdbc:mysql://localhost:3306/GetLL?useUnicode=true&characterEncoding=utf8, loginTimeout -> 0, maxIdleTime -> 10, maxPoolSize -> 40, maxStatements -> 0, maxStatementsPerConnection -> 0, minPoolSize -> 1, numHelperThreads -> 3, preferredTestQuery -> null, properties -> {user=******, password=******}, propertyCycle -> 300, testConnectionOnCheckin -> false, testConnectionOnCheckout -> false, usesTraditionalReflectiveProxies -> false ]] of Hibernate SessionFactory for HibernateTransactionManager
2015/02/14 12:30:36.036 [INFO ] org.springframework.context.support.GenericApplicationContext 873 - Closing org.springframework.context.support.GenericApplicationContext@7ac2b2f6: startup date [Sat Feb 14 12:30:27 CST 2015]; root of context hierarchy
2015/02/14 12:33:53.053 [INFO ] org.springframework.beans.factory.xml.XmlBeanDefinitionReader 316 - Loading XML bean definitions from URL [file:/home/tan/github/MobileGetLL/GetLL/target/classes/spring-hibernate.xml]
2015/02/14 12:33:53.053 [INFO ] org.springframework.beans.factory.xml.XmlBeanDefinitionReader 316 - Loading XML bean definitions from URL [file:/home/tan/github/MobileGetLL/GetLL/target/classes/spring-redis.xml]
2015/02/14 12:33:53.053 [INFO ] org.springframework.context.support.GenericApplicationContext 513 - Refreshing org.springframework.context.support.GenericApplicationContext@4737371: startup date [Sat Feb 14 12:33:53 CST 2015]; root of context hierarchy
2015/02/14 12:33:53.053 [INFO ] org.springframework.context.support.PropertySourcesPlaceholderConfigurer 172 - Loading properties file from class path resource [redis.properties]
2015/02/14 12:33:56.056 [INFO ] org.springframework.orm.hibernate4.HibernateTransactionManager 339 - Using DataSource [com.mchange.v2.c3p0.ComboPooledDataSource@348dcd5d[ acquireIncrement -> 3, acquireRetryAttempts -> 30, acquireRetryDelay -> 1000, autoCommitOnClose -> false, automaticTestTable -> null, breakAfterAcquireFailure -> false, checkoutTimeout -> 0, connectionTesterClassName -> com.mchange.v2.c3p0.impl.DefaultConnectionTester, description -> null, driverClass -> com.mysql.jdbc.Driver, factoryClassLocation -> null, forceIgnoreUnresolvedTransactions -> false, identityToken -> 348dcd5d, idleConnectionTestPeriod -> 10, initialPoolSize -> 1, jdbcUrl -> jdbc:mysql://localhost:3306/GetLL?useUnicode=true&characterEncoding=utf8, loginTimeout -> 0, maxIdleTime -> 10, maxPoolSize -> 40, maxStatements -> 0, maxStatementsPerConnection -> 0, minPoolSize -> 1, numHelperThreads -> 3, preferredTestQuery -> null, properties -> {user=******, password=******}, propertyCycle -> 300, testConnectionOnCheckin -> false, testConnectionOnCheckout -> false, usesTraditionalReflectiveProxies -> false ]] of Hibernate SessionFactory for HibernateTransactionManager
2015/02/14 12:34:04.004 [INFO ] org.springframework.context.support.GenericApplicationContext 873 - Closing org.springframework.context.support.GenericApplicationContext@4737371: startup date [Sat Feb 14 12:33:53 CST 2015]; root of context hierarchy
2015/02/14 12:41:27.027 [INFO ] org.springframework.beans.factory.xml.XmlBeanDefinitionReader 316 - Loading XML bean definitions from URL [file:/home/tan/github/MobileGetLL/GetLL/target/classes/spring-hibernate.xml]
2015/02/14 12:41:28.028 [INFO ] org.springframework.beans.factory.xml.XmlBeanDefinitionReader 316 - Loading XML bean definitions from URL [file:/home/tan/github/MobileGetLL/GetLL/target/classes/spring-redis.xml]
2015/02/14 12:41:28.028 [INFO ] org.springframework.context.support.GenericApplicationContext 513 - Refreshing org.springframework.context.support.GenericApplicationContext@37a001ff: startup date [Sat Feb 14 12:41:28 CST 2015]; root of context hierarchy
2015/02/14 12:41:29.029 [INFO ] org.springframework.context.support.PropertySourcesPlaceholderConfigurer 172 - Loading properties file from class path resource [redis.properties]
2015/02/14 12:41:36.036 [INFO ] org.springframework.orm.hibernate4.HibernateTransactionManager 339 - Using DataSource [com.mchange.v2.c3p0.ComboPooledDataSource@275e538e[ acquireIncrement -> 3, acquireRetryAttempts -> 30, acquireRetryDelay -> 1000, autoCommitOnClose -> false, automaticTestTable -> null, breakAfterAcquireFailure -> false, checkoutTimeout -> 0, connectionTesterClassName -> com.mchange.v2.c3p0.impl.DefaultConnectionTester, description -> null, driverClass -> com.mysql.jdbc.Driver, factoryClassLocation -> null, forceIgnoreUnresolvedTransactions -> false, identityToken -> 275e538e, idleConnectionTestPeriod -> 10, initialPoolSize -> 1, jdbcUrl -> jdbc:mysql://localhost:3306/GetLL?useUnicode=true&characterEncoding=utf8, loginTimeout -> 0, maxIdleTime -> 10, maxPoolSize -> 40, maxStatements -> 0, maxStatementsPerConnection -> 0, minPoolSize -> 1, numHelperThreads -> 3, preferredTestQuery -> null, properties -> {user=******, password=******}, propertyCycle -> 300, testConnectionOnCheckin -> false, testConnectionOnCheckout -> false, usesTraditionalReflectiveProxies -> false ]] of Hibernate SessionFactory for HibernateTransactionManager
2015/02/14 12:41:40.040 [INFO ] org.springframework.context.support.GenericApplicationContext 873 - Closing org.springframework.context.support.GenericApplicationContext@37a001ff: startup date [Sat Feb 14 12:41:28 CST 2015]; root of context hierarchy
2015/02/14 12:42:49.049 [INFO ] org.springframework.beans.factory.xml.XmlBeanDefinitionReader 316 - Loading XML bean definitions from URL [file:/home/tan/github/MobileGetLL/GetLL/target/classes/spring-hibernate.xml]
2015/02/14 12:42:49.049 [INFO ] org.springframework.beans.factory.xml.XmlBeanDefinitionReader 316 - Loading XML bean definitions from URL [file:/home/tan/github/MobileGetLL/GetLL/target/classes/spring-redis.xml]
2015/02/14 12:42:49.049 [INFO ] org.springframework.context.support.GenericApplicationContext 513 - Refreshing org.springframework.context.support.GenericApplicationContext@4737371: startup date [Sat Feb 14 12:42:49 CST 2015]; root of context hierarchy
2015/02/14 12:42:50.050 [INFO ] org.springframework.context.support.PropertySourcesPlaceholderConfigurer 172 - Loading properties file from class path resource [redis.properties]
2015/02/14 12:42:52.052 [INFO ] org.springframework.orm.hibernate4.HibernateTransactionManager 339 - Using DataSource [com.mchange.v2.c3p0.ComboPooledDataSource@2a8ab08f[ acquireIncrement -> 3, acquireRetryAttempts -> 30, acquireRetryDelay -> 1000, autoCommitOnClose -> false, automaticTestTable -> null, breakAfterAcquireFailure -> false, checkoutTimeout -> 0, connectionTesterClassName -> com.mchange.v2.c3p0.impl.DefaultConnectionTester, description -> null, driverClass -> com.mysql.jdbc.Driver, factoryClassLocation -> null, forceIgnoreUnresolvedTransactions -> false, identityToken -> 2a8ab08f, idleConnectionTestPeriod -> 10, initialPoolSize -> 1, jdbcUrl -> jdbc:mysql://localhost:3306/GetLL?useUnicode=true&characterEncoding=utf8, loginTimeout -> 0, maxIdleTime -> 10, maxPoolSize -> 40, maxStatements -> 0, maxStatementsPerConnection -> 0, minPoolSize -> 1, numHelperThreads -> 3, preferredTestQuery -> null, properties -> {user=******, password=******}, propertyCycle -> 300, testConnectionOnCheckin -> false, testConnectionOnCheckout -> false, usesTraditionalReflectiveProxies -> false ]] of Hibernate SessionFactory for HibernateTransactionManager
2015/02/14 12:42:59.059 [INFO ] org.springframework.context.support.GenericApplicationContext 873 - Closing org.springframework.context.support.GenericApplicationContext@4737371: startup date [Sat Feb 14 12:42:49 CST 2015]; root of context hierarchy
2015/02/14 12:45:50.050 [INFO ] org.springframework.beans.factory.xml.XmlBeanDefinitionReader 316 - Loading XML bean definitions from URL [file:/home/tan/github/MobileGetLL/GetLL/target/classes/spring-hibernate.xml]
2015/02/14 12:45:50.050 [INFO ] org.springframework.beans.factory.xml.XmlBeanDefinitionReader 316 - Loading XML bean definitions from URL [file:/home/tan/github/MobileGetLL/GetLL/target/classes/spring-redis.xml]
2015/02/14 12:45:50.050 [INFO ] org.springframework.context.support.GenericApplicationContext 513 - Refreshing org.springframework.context.support.GenericApplicationContext@5f49d886: startup date [Sat Feb 14 12:45:50 CST 2015]; root of context hierarchy
2015/02/14 12:45:51.051 [INFO ] org.springframework.context.support.PropertySourcesPlaceholderConfigurer 172 - Loading properties file from class path resource [redis.properties]
2015/02/14 12:45:56.056 [INFO ] org.springframework.orm.hibernate4.HibernateTransactionManager 339 - Using DataSource [com.mchange.v2.c3p0.ComboPooledDataSource@21bfa3d3[ acquireIncrement -> 3, acquireRetryAttempts -> 30, acquireRetryDelay -> 1000, autoCommitOnClose -> false, automaticTestTable -> null, breakAfterAcquireFailure -> false, checkoutTimeout -> 0, connectionTesterClassName -> com.mchange.v2.c3p0.impl.DefaultConnectionTester, description -> null, driverClass -> com.mysql.jdbc.Driver, factoryClassLocation -> null, forceIgnoreUnresolvedTransactions -> false, identityToken -> 21bfa3d3, idleConnectionTestPeriod -> 10, initialPoolSize -> 1, jdbcUrl -> jdbc:mysql://localhost:3306/GetLL?useUnicode=true&characterEncoding=utf8, loginTimeout -> 0, maxIdleTime -> 10, maxPoolSize -> 40, maxStatements -> 0, maxStatementsPerConnection -> 0, minPoolSize -> 1, numHelperThreads -> 3, preferredTestQuery -> null, properties -> {user=******, password=******}, propertyCycle -> 300, testConnectionOnCheckin -> false, testConnectionOnCheckout -> false, usesTraditionalReflectiveProxies -> false ]] of Hibernate SessionFactory for HibernateTransactionManager
2015/02/14 12:46:15.015 [INFO ] org.springframework.context.support.GenericApplicationContext 873 - Closing org.springframework.context.support.GenericApplicationContext@5f49d886: startup date [Sat Feb 14 12:45:50 CST 2015]; root of context hierarchy
